0 info it worked if it ends with ok
1 verbose cli [ 'D:\\NodeJS\\node.exe',
1 verbose cli   'D:\\NodeJS\\node_modules\\npm\\bin\\npm-cli.js',
1 verbose cli   'run',
1 verbose cli   'build' ]
2 info using npm@3.10.10
3 info using node@v6.11.1
4 verbose run-script [ 'prebuild', 'build', 'postbuild' ]
5 info lifecycle m@1.0.0~prebuild: m@1.0.0
6 silly lifecycle m@1.0.0~prebuild: no script for prebuild, continuing
7 info lifecycle m@1.0.0~build: m@1.0.0
8 verbose lifecycle m@1.0.0~build: unsafe-perm in lifecycle true
9 verbose lifecycle m@1.0.0~build: PATH: D:\NodeJS\node_modules\npm\bin\node-gyp-bin;C:\Users\Administrator\Desktop\baoliaotai\fis3\fis3-website\node_modules\.bin;C:\Users\Administrator\bin;D:\git\Git\mingw32\bin;D:\git\Git\usr\local\bin;D:\git\Git\usr\bin;D:\git\Git\usr\bin;D:\git\Git\mingw32\bin;D:\git\Git\usr\bin;C:\Users\Administrator\bin;C:\WINDOWS\system32;C:\WINDOWS;C:\WINDOWS\System32\Wbem;C:\WINDOWS\System32\WindowsPowerShell\v1.0;C:\Program Files\ATI Technologies\ATI.ACE\Core-Static;D:\spring\apache-maven-3.3.9-binbin;D:\mySQL\mysql-5.7.12-win32\mysql-5.7.12-win32\bin;D:\git\Git\cmd;D:\NodeJS;D:\vc++\Tools\WinNT;D:\vc++\MSDev98\Bin;D:\vc++\Tools;D:\VC98\bin;C:\Program Files\Java\jdk1.7.0_51\bin;C:\Program Files\Java\jdk1.7.0_51\jre\bin;E:\apache-tomcat-7.0.54\lib;E:\apache-tomcat-7.0.54\bin;C:\Users\Administrator\AppData\Local\Microsoft\WindowsApps;C:\Users\Administrator\AppData\Roaming\npm;D:\git\Git\usr\bin\vendor_perl;D:\git\Git\usr\bin\core_perl
10 verbose lifecycle m@1.0.0~build: CWD: C:\Users\Administrator\Desktop\baoliaotai\fis3\fis3-website
11 silly lifecycle m@1.0.0~build: Args: [ '/d /s /c', 'fis3 release dist' ]
12 silly lifecycle m@1.0.0~build: Returned: code: 1  signal: null
13 info lifecycle m@1.0.0~build: Failed to exec build script
14 verbose stack Error: m@1.0.0 build: `fis3 release dist`
14 verbose stack Exit status 1
14 verbose stack     at EventEmitter.<anonymous> (D:\NodeJS\node_modules\npm\lib\utils\lifecycle.js:255:16)
14 verbose stack     at emitTwo (events.js:106:13)
14 verbose stack     at EventEmitter.emit (events.js:191:7)
14 verbose stack     at ChildProcess.<anonymous> (D:\NodeJS\node_modules\npm\lib\utils\spawn.js:40:14)
14 verbose stack     at emitTwo (events.js:106:13)
14 verbose stack     at ChildProcess.emit (events.js:191:7)
14 verbose stack     at maybeClose (internal/child_process.js:891:16)
14 verbose stack     at Process.ChildProcess._handle.onexit (internal/child_process.js:226:5)
15 verbose pkgid m@1.0.0
16 verbose cwd C:\Users\Administrator\Desktop\baoliaotai\fis3\fis3-website
17 error Windows_NT 10.0.14393
18 error argv "D:\\NodeJS\\node.exe" "D:\\NodeJS\\node_modules\\npm\\bin\\npm-cli.js" "run" "build"
19 error node v6.11.1
20 error npm  v3.10.10
21 error code ELIFECYCLE
22 error m@1.0.0 build: `fis3 release dist`
22 error Exit status 1
23 error Failed at the m@1.0.0 build script 'fis3 release dist'.
23 error Make sure you have the latest version of node.js and npm installed.
23 error If you do, this is most likely a problem with the m package,
23 error not with npm itself.
23 error Tell the author that this fails on your system:
23 error     fis3 release dist
23 error You can get information on how to open an issue for this project with:
23 error     npm bugs m
23 error Or if that isn't available, you can get their info via:
23 error     npm owner ls m
23 error There is likely additional logging output above.
24 verbose exit [ 1, true ]
